android/app/build/intermediates/manifest_merge_blame_file/debug/manifest-merger-blame-debug-report.txt
1<?xml version="1.0" encoding="utf-8"?>
2<manifest xmlns:android="http://schemas.android.com/apk/res/android"
3    package="com.pknu.pknu"
4    android:versionCode="1"
5    android:versionName="1.0.0" >
6
7    <uses-sdk
8        android:minSdkVersion="23"
9        android:targetSdkVersion="34" />
10    <!--
11         The INTERNET permission is required for development. Specifically,
12         the Flutter tool needs it to communicate with the running application
13         to allow setting breakpoints, to provide hot reload, etc.
14    -->
15    <uses-permission android:name="android.permission.INTERNET" />
15-->src/debug/AndroidManifest.xml:6:5-66
15-->src/debug/AndroidManifest.xml:6:22-64
16    <uses-permission android:name="android.permission.FOREGROUND_SERVICE" />
16-->src/main/AndroidManifest.xml:2:5-77
16-->src/main/AndroidManifest.xml:2:22-74
17    <uses-permission android:name="android.permission.ACCESS_BACKGROUND_LOCATION" />
17-->src/main/AndroidManifest.xml:3:5-84
17-->src/main/AndroidManifest.xml:3:22-82
18    <uses-permission android:name="android.permission.ACCESS_FINE_LOCATION" />
18-->src/main/AndroidManifest.xml:4:5-79
18-->src/main/AndroidManifest.xml:4:22-76
19    <uses-permission android:name="android.permission.ACCESS_COARSE_LOCATION" />
19-->src/main/AndroidManifest.xml:5:5-81
19-->src/main/AndroidManifest.xml:5:22-78
20    <!--
21 Required to query activities that can process text, see:
22         https://developer.android.com/training/package-visibility and
23         https://developer.android.com/reference/android/content/Intent#ACTION_PROCESS_TEXT.
24
25         In particular, this is used by the Flutter engine in io.flutter.plugin.text.ProcessTextPlugin.
26    -->
27    <queries>
27-->src/main/AndroidManifest.xml:45:5-50:15
28        <intent>
28-->src/main/AndroidManifest.xml:46:9-49:18
29            <action android:name="android.intent.action.PROCESS_TEXT" />
29-->src/main/AndroidManifest.xml:47:13-72
29-->src/main/AndroidManifest.xml:47:21-70
30
31            <data android:mimeType="text/plain" />
31-->src/main/AndroidManifest.xml:48:13-50
31-->src/main/AndroidManifest.xml:48:19-48
32        </intent>
33        <!-- Needs to be explicitly declared on Android R+ -->
34        <package android:name="com.google.android.apps.maps" />
34-->[com.google.android.gms:play-services-maps:18.2.0] AndroidManifest.xml:33:9-64
34-->[com.google.android.gms:play-services-maps:18.2.0] AndroidManifest.xml:33:18-61
35    </queries>
36
37    <uses-permission android:name="android.permission.RECORD_AUDIO" /> <!-- Although the *SdkVersion is captured in gradle build files, this is required for non gradle builds -->
37-->[:record] AndroidManifest.xml:9:5-71
37-->[:record] AndroidManifest.xml:9:22-68
38    <!-- <uses-sdk android:minSdkVersion="21" /> -->
39    <uses-permission android:name="android.permission.ACCESS_NETWORK_STATE" />
39-->[com.google.firebase:firebase-firestore:25.1.0] AndroidManifest.xml:10:5-79
39-->[com.google.firebase:firebase-firestore:25.1.0] AndroidManifest.xml:10:22-76
40    <uses-permission android:name="android.permission.WAKE_LOCK" />
40-->[com.google.android.gms:play-services-measurement-api:22.1.0] AndroidManifest.xml:24:5-68
40-->[com.google.android.gms:play-services-measurement-api:22.1.0] AndroidManifest.xml:24:22-65
41    <uses-permission android:name="com.google.android.gms.permission.AD_ID" />
41-->[com.google.android.gms:play-services-measurement-api:22.1.0] AndroidManifest.xml:25:5-79
41-->[com.google.android.gms:play-services-measurement-api:22.1.0] AndroidManifest.xml:25:22-76
42    <uses-permission android:name="android.permission.ACCESS_ADSERVICES_ATTRIBUTION" />
42-->[com.google.android.gms:play-services-measurement-api:22.1.0] AndroidManifest.xml:26:5-88
42-->[com.google.android.gms:play-services-measurement-api:22.1.0] AndroidManifest.xml:26:22-85
43    <uses-permission android:name="android.permission.ACCESS_ADSERVICES_AD_ID" />
43-->[com.google.android.gms:play-services-measurement-api:22.1.0] AndroidManifest.xml:27:5-82
43-->[com.google.android.gms:play-services-measurement-api:22.1.0] AndroidManifest.xml:27:22-79
44
45    <uses-feature
45-->[com.naver.maps:map-sdk:3.18.0] AndroidManifest.xml:7:5-9:35
46        android:glEsVersion="0x00020000"
46-->[com.naver.maps:map-sdk:3.18.0] AndroidManifest.xml:8:9-41
47        android:required="true" />
47-->[com.naver.maps:map-sdk:3.18.0] AndroidManifest.xml:9:9-32
48    <uses-feature
48-->[com.naver.maps:map-sdk:3.18.0] AndroidManifest.xml:10:5-12:36
49        android:name="android.hardware.wifi"
49-->[com.naver.maps:map-sdk:3.18.0] AndroidManifest.xml:11:9-45
50        android:required="false" />
50-->[com.naver.maps:map-sdk:3.18.0] AndroidManifest.xml:12:9-33
51
52    <uses-permission android:name="android.permission.ACCESS_WIFI_STATE" />
52-->[com.naver.maps:map-sdk:3.18.0] AndroidManifest.xml:16:5-76
52-->[com.naver.maps:map-sdk:3.18.0] AndroidManifest.xml:16:22-73
53    <uses-permission android:name="com.google.android.providers.gsf.permission.READ_GSERVICES" />
53-->[com.google.android.recaptcha:recaptcha:18.4.0] AndroidManifest.xml:9:5-98
53-->[com.google.android.recaptcha:recaptcha:18.4.0] AndroidManifest.xml:9:22-95
54    <uses-permission android:name="com.google.android.finsky.permission.BIND_GET_INSTALL_REFERRER_SERVICE" />
54-->[com.google.android.gms:play-services-measurement:22.1.0] AndroidManifest.xml:26:5-110
54-->[com.google.android.gms:play-services-measurement:22.1.0] AndroidManifest.xml:26:22-107
55
56    <permission
56-->[androidx.core:core:1.13.1] AndroidManifest.xml:22:5-24:47
57        android:name="com.pknu.pknu.DYNAMIC_RECEIVER_NOT_EXPORTED_PERMISSION"
57-->[androidx.core:core:1.13.1] AndroidManifest.xml:23:9-81
58        android:protectionLevel="signature" />
58-->[androidx.core:core:1.13.1] AndroidManifest.xml:24:9-44
59
60    <uses-permission android:name="com.pknu.pknu.DYNAMIC_RECEIVER_NOT_EXPORTED_PERMISSION" />
60-->[androidx.core:core:1.13.1] AndroidManifest.xml:26:5-97
60-->[androidx.core:core:1.13.1] AndroidManifest.xml:26:22-94
61
62    <application
63        android:name="android.app.Application"
64        android:appComponentFactory="androidx.core.app.CoreComponentFactory"
64-->[androidx.core:core:1.13.1] AndroidManifest.xml:28:18-86
65        android:debuggable="true"
66        android:extractNativeLibs="false"
67        android:icon="@mipmap/ic_launcher"
68        android:label="pknu" >
69        <activity
70            android:name="com.example.pknu.MainActivity"
71            android:configChanges="orientation|keyboardHidden|keyboard|screenSize|smallestScreenSize|locale|layoutDirection|fontScale|screenLayout|density|uiMode"
72            android:exported="true"
73            android:hardwareAccelerated="true"
74            android:launchMode="singleTop"
75            android:taskAffinity=""
76            android:theme="@style/LaunchTheme"
77            android:windowSoftInputMode="adjustResize" >
78
79            <!--
80                 Specifies an Android theme to apply to this Activity as soon as
81                 the Android process has started. This theme is visible to the user
82                 while the Flutter UI initializes. After that, this theme continues
83                 to determine the Window background behind the Flutter UI.
84            -->
85            <meta-data
86                android:name="io.flutter.embedding.android.NormalTheme"
87                android:resource="@style/NormalTheme" />
88
89            <intent-filter>
90                <action android:name="android.intent.action.MAIN" />
91
92                <category android:name="android.intent.category.LAUNCHER" />
93            </intent-filter>
94        </activity>
95        <!--
96             Don't delete the meta-data below.
97             This is used by the Flutter tool to generate GeneratedPluginRegistrant.java
98        -->
99        <meta-data
100            android:name="flutterEmbedding"
101            android:value="2" />
102        <meta-data
103            android:name="com.google.android.geo.API_KEY"
104            android:value="AIzaSyB9AJNblm0diEm0aJvp4Pt8ysLm-4GPDTk" />
105
106        <service
106-->[:cloud_firestore] AndroidManifest.xml:10:9-14:19
107            android:name="com.google.firebase.components.ComponentDiscoveryService"
107-->[:cloud_firestore] AndroidManifest.xml:10:18-89
108            android:directBootAware="true"
108-->[com.google.firebase:firebase-common:21.0.0] AndroidManifest.xml:32:13-43
109            android:exported="false" >
109-->[com.google.firebase:firebase-firestore:25.1.0] AndroidManifest.xml:16:13-37
110            <meta-data
110-->[:cloud_firestore] AndroidManifest.xml:11:13-13:85
111                android:name="com.google.firebase.components:io.flutter.plugins.firebase.firestore.FlutterFirebaseFirestoreRegistrar"
111-->[:cloud_firestore] AndroidManifest.xml:12:17-134
112                android:value="com.google.firebase.components.ComponentRegistrar" />
112-->[:cloud_firestore] AndroidManifest.xml:13:17-82
113            <meta-data
113-->[:firebase_auth] AndroidManifest.xml:11:13-13:85
114                android:name="com.google.firebase.components:io.flutter.plugins.firebase.auth.FlutterFirebaseAuthRegistrar"
114-->[:firebase_auth] AndroidManifest.xml:12:17-124
115                android:value="com.google.firebase.components.ComponentRegistrar" />
115-->[:firebase_auth] AndroidManifest.xml:13:17-82
116            <meta-data
116-->[:firebase_storage] AndroidManifest.xml:11:13-13:85
117                android:name="com.google.firebase.components:io.flutter.plugins.firebase.storage.FlutterFirebaseAppRegistrar"
117-->[:firebase_storage] AndroidManifest.xml:12:17-126
118                android:value="com.google.firebase.components.ComponentRegistrar" />
118-->[:firebase_storage] AndroidManifest.xml:13:17-82
119            <meta-data
119-->[:firebase_core] AndroidManifest.xml:11:13-13:85
120                android:name="com.google.firebase.components:io.flutter.plugins.firebase.core.FlutterFirebaseCoreRegistrar"
120-->[:firebase_core] AndroidManifest.xml:12:17-124
121                android:value="com.google.firebase.components.ComponentRegistrar" />
121-->[:firebase_core] AndroidManifest.xml:13:17-82
122            <meta-data
122-->[com.google.firebase:firebase-firestore:25.1.0] AndroidManifest.xml:17:13-19:85
123                android:name="com.google.firebase.components:com.google.firebase.firestore.FirebaseFirestoreKtxRegistrar"
123-->[com.google.firebase:firebase-firestore:25.1.0] AndroidManifest.xml:18:17-122
124                android:value="com.google.firebase.components.ComponentRegistrar" />
124-->[com.google.firebase:firebase-firestore:25.1.0] AndroidManifest.xml:19:17-82
125            <meta-data
125-->[com.google.firebase:firebase-firestore:25.1.0] AndroidManifest.xml:20:13-22:85
126                android:name="com.google.firebase.components:com.google.firebase.firestore.FirestoreRegistrar"
126-->[com.google.firebase:firebase-firestore:25.1.0] AndroidManifest.xml:21:17-111
127                android:value="com.google.firebase.components.ComponentRegistrar" />
127-->[com.google.firebase:firebase-firestore:25.1.0] AndroidManifest.xml:22:17-82
128            <meta-data
128-->[com.google.android.gms:play-services-measurement-api:22.1.0] AndroidManifest.xml:37:13-39:85
129                android:name="com.google.firebase.components:com.google.firebase.analytics.connector.internal.AnalyticsConnectorRegistrar"
129-->[com.google.android.gms:play-services-measurement-api:22.1.0] AndroidManifest.xml:38:17-139
130                android:value="com.google.firebase.components.ComponentRegistrar" />
130-->[com.google.android.gms:play-services-measurement-api:22.1.0] AndroidManifest.xml:39:17-82
131            <meta-data
131-->[com.google.firebase:firebase-storage:21.0.0] AndroidManifest.xml:30:13-32:85
132                android:name="com.google.firebase.components:com.google.firebase.storage.FirebaseStorageKtxRegistrar"
132-->[com.google.firebase:firebase-storage:21.0.0] AndroidManifest.xml:31:17-118
133                android:value="com.google.firebase.components.ComponentRegistrar" />
133-->[com.google.firebase:firebase-storage:21.0.0] AndroidManifest.xml:32:17-82
134            <meta-data
134-->[com.google.firebase:firebase-storage:21.0.0] AndroidManifest.xml:33:13-35:85
135                android:name="com.google.firebase.components:com.google.firebase.storage.StorageRegistrar"
135-->[com.google.firebase:firebase-storage:21.0.0] AndroidManifest.xml:34:17-107
136                android:value="com.google.firebase.components.ComponentRegistrar" />
136-->[com.google.firebase:firebase-storage:21.0.0] AndroidManifest.xml:35:17-82
137            <meta-data
137-->[com.google.firebase:firebase-installations:18.0.0] AndroidManifest.xml:15:13-17:85
138                android:name="com.google.firebase.components:com.google.firebase.installations.FirebaseInstallationsKtxRegistrar"
138-->[com.google.firebase:firebase-installations:18.0.0] AndroidManifest.xml:16:17-130
139                android:value="com.google.firebase.components.ComponentRegistrar" />
139-->[com.google.firebase:firebase-installations:18.0.0] AndroidManifest.xml:17:17-82
140            <meta-data
140-->[com.google.firebase:firebase-installations:18.0.0] AndroidManifest.xml:18:13-20:85
141                android:name="com.google.firebase.components:com.google.firebase.installations.FirebaseInstallationsRegistrar"
141-->[com.google.firebase:firebase-installations:18.0.0] AndroidManifest.xml:19:17-127
142                android:value="com.google.firebase.components.ComponentRegistrar" />
142-->[com.google.firebase:firebase-installations:18.0.0] AndroidManifest.xml:20:17-82
143            <meta-data
143-->[com.google.firebase:firebase-appcheck:18.0.0] AndroidManifest.xml:25:13-27:85
144                android:name="com.google.firebase.components:com.google.firebase.appcheck.FirebaseAppCheckKtxRegistrar"
144-->[com.google.firebase:firebase-appcheck:18.0.0] AndroidManifest.xml:26:17-120
145                android:value="com.google.firebase.components.ComponentRegistrar" />
145-->[com.google.firebase:firebase-appcheck:18.0.0] AndroidManifest.xml:27:17-82
146            <meta-data
146-->[com.google.firebase:firebase-appcheck:18.0.0] AndroidManifest.xml:28:13-30:85
147                android:name="com.google.firebase.components:com.google.firebase.appcheck.FirebaseAppCheckRegistrar"
147-->[com.google.firebase:firebase-appcheck:18.0.0] AndroidManifest.xml:29:17-117
148                android:value="com.google.firebase.components.ComponentRegistrar" />
148-->[com.google.firebase:firebase-appcheck:18.0.0] AndroidManifest.xml:30:17-82
149            <meta-data
149-->[com.google.firebase:firebase-common-ktx:21.0.0] AndroidManifest.xml:12:13-14:85
150                android:name="com.google.firebase.components:com.google.firebase.ktx.FirebaseCommonLegacyRegistrar"
150-->[com.google.firebase:firebase-common-ktx:21.0.0] AndroidManifest.xml:13:17-116
151                android:value="com.google.firebase.components.ComponentRegistrar" />
151-->[com.google.firebase:firebase-common-ktx:21.0.0] AndroidManifest.xml:14:17-82
152            <meta-data
152-->[com.google.firebase:firebase-auth:23.0.0] AndroidManifest.xml:69:13-71:85
153                android:name="com.google.firebase.components:com.google.firebase.auth.FirebaseAuthRegistrar"
153-->[com.google.firebase:firebase-auth:23.0.0] AndroidManifest.xml:70:17-109
154                android:value="com.google.firebase.components.ComponentRegistrar" />
154-->[com.google.firebase:firebase-auth:23.0.0] AndroidManifest.xml:71:17-82
155            <meta-data
155-->[com.google.firebase:firebase-common:21.0.0] AndroidManifest.xml:35:13-37:85
156                android:name="com.google.firebase.components:com.google.firebase.FirebaseCommonKtxRegistrar"
156-->[com.google.firebase:firebase-common:21.0.0] AndroidManifest.xml:36:17-109
157                android:value="com.google.firebase.components.ComponentRegistrar" />
157-->[com.google.firebase:firebase-common:21.0.0] AndroidManifest.xml:37:17-82
158        </service>
159
160        <provider
160-->[:image_picker_android] AndroidManifest.xml:11:9-19:20
161            android:name="io.flutter.plugins.imagepicker.ImagePickerFileProvider"
161-->[:image_picker_android] AndroidManifest.xml:12:13-82
162            android:authorities="com.pknu.pknu.flutter.image_provider"
162-->[:image_picker_android] AndroidManifest.xml:13:13-74
163            android:exported="false"
163-->[:image_picker_android] AndroidManifest.xml:14:13-37
164            android:grantUriPermissions="true" >
164-->[:image_picker_android] AndroidManifest.xml:15:13-47
165            <meta-data
165-->[:image_picker_android] AndroidManifest.xml:16:13-18:75
166                android:name="android.support.FILE_PROVIDER_PATHS"
166-->[:image_picker_android] AndroidManifest.xml:17:17-67
167                android:resource="@xml/flutter_image_picker_file_paths" />
167-->[:image_picker_android] AndroidManifest.xml:18:17-72
168        </provider> <!-- Trigger Google Play services to install the backported photo picker module. -->
169        <service
169-->[:image_picker_android] AndroidManifest.xml:21:9-33:19
170            android:name="com.google.android.gms.metadata.ModuleDependencies"
170-->[:image_picker_android] AndroidManifest.xml:22:13-78
171            android:enabled="false"
171-->[:image_picker_android] AndroidManifest.xml:23:13-36
172            android:exported="false" >
172-->[:image_picker_android] AndroidManifest.xml:24:13-37
173            <intent-filter>
173-->[:image_picker_android] AndroidManifest.xml:26:13-28:29
174                <action android:name="com.google.android.gms.metadata.MODULE_DEPENDENCIES" />
174-->[:image_picker_android] AndroidManifest.xml:27:17-94
174-->[:image_picker_android] AndroidManifest.xml:27:25-91
175            </intent-filter>
176
177            <meta-data
177-->[:image_picker_android] AndroidManifest.xml:30:13-32:36
178                android:name="photopicker_activity:0:required"
178-->[:image_picker_android] AndroidManifest.xml:31:17-63
179                android:value="" />
179-->[:image_picker_android] AndroidManifest.xml:32:17-33
180        </service>
181        <service
181-->[:location] AndroidManifest.xml:13:9-17:56
182            android:name="com.lyokone.location.FlutterLocationService"
182-->[:location] AndroidManifest.xml:14:13-71
183            android:enabled="true"
183-->[:location] AndroidManifest.xml:15:13-35
184            android:exported="false"
184-->[:location] AndroidManifest.xml:16:13-37
185            android:foregroundServiceType="location" />
185-->[:location] AndroidManifest.xml:17:13-53
186
187        <property
187-->[com.google.android.gms:play-services-measurement-api:22.1.0] AndroidManifest.xml:30:9-32:61
188            android:name="android.adservices.AD_SERVICES_CONFIG"
188-->[com.google.android.gms:play-services-measurement-api:22.1.0] AndroidManifest.xml:31:13-65
189            android:resource="@xml/ga_ad_services_config" />
189-->[com.google.android.gms:play-services-measurement-api:22.1.0] AndroidManifest.xml:32:13-58
190
191        <activity
191-->[com.naver.maps:map-sdk:3.18.0] AndroidManifest.xml:19:9-23:51
192            android:name="com.naver.maps.map.app.LegendActivity"
192-->[com.naver.maps:map-sdk:3.18.0] AndroidManifest.xml:20:13-65
193            android:configChanges="screenSize|smallestScreenSize|screenLayout|orientation"
193-->[com.naver.maps:map-sdk:3.18.0] AndroidManifest.xml:21:13-91
194            android:label="@string/navermap_legend"
194-->[com.naver.maps:map-sdk:3.18.0] AndroidManifest.xml:22:13-52
195            android:theme="@style/navermap_app" />
195-->[com.naver.maps:map-sdk:3.18.0] AndroidManifest.xml:23:13-48
196        <activity
196-->[com.naver.maps:map-sdk:3.18.0] AndroidManifest.xml:24:9-28:51
197            android:name="com.naver.maps.map.app.LegalNoticeActivity"
197-->[com.naver.maps:map-sdk:3.18.0] AndroidManifest.xml:25:13-70
198            android:configChanges="screenSize|smallestScreenSize|screenLayout|orientation"
198-->[com.naver.maps:map-sdk:3.18.0] AndroidManifest.xml:26:13-91
199            android:label="@string/navermap_legal_notice"
199-->[com.naver.maps:map-sdk:3.18.0] AndroidManifest.xml:27:13-58
200            android:theme="@style/navermap_app" />
200-->[com.naver.maps:map-sdk:3.18.0] AndroidManifest.xml:28:13-48
201        <activity
201-->[com.naver.maps:map-sdk:3.18.0] AndroidManifest.xml:29:9-33:51
202            android:name="com.naver.maps.map.app.OpenSourceLicenseActivity"
202-->[com.naver.maps:map-sdk:3.18.0] AndroidManifest.xml:30:13-76
203            android:configChanges="screenSize|smallestScreenSize|screenLayout|orientation"
203-->[com.naver.maps:map-sdk:3.18.0] AndroidManifest.xml:31:13-91
204            android:label="@string/navermap_open_source_license"
204-->[com.naver.maps:map-sdk:3.18.0] AndroidManifest.xml:32:13-65
205            android:theme="@style/navermap_app" />
205-->[com.naver.maps:map-sdk:3.18.0] AndroidManifest.xml:33:13-48
206        <activity
206-->[com.google.firebase:firebase-auth:23.0.0] AndroidManifest.xml:29:9-46:20
207            android:name="com.google.firebase.auth.internal.GenericIdpActivity"
207-->[com.google.firebase:firebase-auth:23.0.0] AndroidManifest.xml:30:13-80
208            android:excludeFromRecents="true"
208-->[com.google.firebase:firebase-auth:23.0.0] AndroidManifest.xml:31:13-46
209            android:exported="true"
209-->[com.google.firebase:firebase-auth:23.0.0] AndroidManifest.xml:32:13-36
210            android:launchMode="singleTask"
210-->[com.google.firebase:firebase-auth:23.0.0] AndroidManifest.xml:33:13-44
211            android:theme="@android:style/Theme.Translucent.NoTitleBar" >
211-->[com.google.firebase:firebase-auth:23.0.0] AndroidManifest.xml:34:13-72
212            <intent-filter>
212-->[com.google.firebase:firebase-auth:23.0.0] AndroidManifest.xml:35:13-45:29
213                <action android:name="android.intent.action.VIEW" />
213-->[com.google.firebase:firebase-auth:23.0.0] AndroidManifest.xml:36:17-69
213-->[com.google.firebase:firebase-auth:23.0.0] AndroidManifest.xml:36:25-66
214
215                <category android:name="android.intent.category.DEFAULT" />
215-->[com.google.firebase:firebase-auth:23.0.0] AndroidManifest.xml:38:17-76
215-->[com.google.firebase:firebase-auth:23.0.0] AndroidManifest.xml:38:27-73
216                <category android:name="android.intent.category.BROWSABLE" />
216-->[com.google.firebase:firebase-auth:23.0.0] AndroidManifest.xml:39:17-78
216-->[com.google.firebase:firebase-auth:23.0.0] AndroidManifest.xml:39:27-75
217
218                <data
218-->src/main/AndroidManifest.xml:48:13-50
219                    android:host="firebase.auth"
220                    android:path="/"
221                    android:scheme="genericidp" />
222            </intent-filter>
223        </activity>
224        <activity
224-->[com.google.firebase:firebase-auth:23.0.0] AndroidManifest.xml:47:9-64:20
225            android:name="com.google.firebase.auth.internal.RecaptchaActivity"
225-->[com.google.firebase:firebase-auth:23.0.0] AndroidManifest.xml:48:13-79
226            android:excludeFromRecents="true"
226-->[com.google.firebase:firebase-auth:23.0.0] AndroidManifest.xml:49:13-46
227            android:exported="true"
227-->[com.google.firebase:firebase-auth:23.0.0] AndroidManifest.xml:50:13-36
228            android:launchMode="singleTask"
228-->[com.google.firebase:firebase-auth:23.0.0] AndroidManifest.xml:51:13-44
229            android:theme="@android:style/Theme.Translucent.NoTitleBar" >
229-->[com.google.firebase:firebase-auth:23.0.0] AndroidManifest.xml:52:13-72
230            <intent-filter>
230-->[com.google.firebase:firebase-auth:23.0.0] AndroidManifest.xml:53:13-63:29
231                <action android:name="android.intent.action.VIEW" />
231-->[com.google.firebase:firebase-auth:23.0.0] AndroidManifest.xml:36:17-69
231-->[com.google.firebase:firebase-auth:23.0.0] AndroidManifest.xml:36:25-66
232
233                <category android:name="android.intent.category.DEFAULT" />
233-->[com.google.firebase:firebase-auth:23.0.0] AndroidManifest.xml:38:17-76
233-->[com.google.firebase:firebase-auth:23.0.0] AndroidManifest.xml:38:27-73
234                <category android:name="android.intent.category.BROWSABLE" />
234-->[com.google.firebase:firebase-auth:23.0.0] AndroidManifest.xml:39:17-78
234-->[com.google.firebase:firebase-auth:23.0.0] AndroidManifest.xml:39:27-75
235
236                <data
236-->src/main/AndroidManifest.xml:48:13-50
237                    android:host="firebase.auth"
238                    android:path="/"
239                    android:scheme="recaptcha" />
240            </intent-filter>
241        </activity>
242
243        <uses-library
243-->[androidx.window:window:1.2.0] AndroidManifest.xml:23:9-25:40
244            android:name="androidx.window.extensions"
244-->[androidx.window:window:1.2.0] AndroidManifest.xml:24:13-54
245            android:required="false" />
245-->[androidx.window:window:1.2.0] AndroidManifest.xml:25:13-37
246        <uses-library
246-->[androidx.window:window:1.2.0] AndroidManifest.xml:26:9-28:40
247            android:name="androidx.window.sidecar"
247-->[androidx.window:window:1.2.0] AndroidManifest.xml:27:13-51
248            android:required="false" /> <!-- Needs to be explicitly declared on P+ -->
248-->[androidx.window:window:1.2.0] AndroidManifest.xml:28:13-37
249        <uses-library
249-->[com.google.android.gms:play-services-maps:18.2.0] AndroidManifest.xml:39:9-41:40
250            android:name="org.apache.http.legacy"
250-->[com.google.android.gms:play-services-maps:18.2.0] AndroidManifest.xml:40:13-50
251            android:required="false" />
251-->[com.google.android.gms:play-services-maps:18.2.0] AndroidManifest.xml:41:13-37
252
253        <service
253-->[androidx.credentials:credentials-play-services-auth:1.2.0-rc01] AndroidManifest.xml:24:9-32:19
254            android:name="androidx.credentials.playservices.CredentialProviderMetadataHolder"
254-->[androidx.credentials:credentials-play-services-auth:1.2.0-rc01] AndroidManifest.xml:25:13-94
255            android:enabled="true"
255-->[androidx.credentials:credentials-play-services-auth:1.2.0-rc01] AndroidManifest.xml:26:13-35
256            android:exported="false" >
256-->[androidx.credentials:credentials-play-services-auth:1.2.0-rc01] AndroidManifest.xml:27:13-37
257            <meta-data
257-->[androidx.credentials:credentials-play-services-auth:1.2.0-rc01] AndroidManifest.xml:29:13-31:104
258                android:name="androidx.credentials.CREDENTIAL_PROVIDER_KEY"
258-->[androidx.credentials:credentials-play-services-auth:1.2.0-rc01] AndroidManifest.xml:30:17-76
259                android:value="androidx.credentials.playservices.CredentialProviderPlayServicesImpl" />
259-->[androidx.credentials:credentials-play-services-auth:1.2.0-rc01] AndroidManifest.xml:31:17-101
260        </service>
261
262        <activity
262-->[androidx.credentials:credentials-play-services-auth:1.2.0-rc01] AndroidManifest.xml:34:9-41:20
263            android:name="androidx.credentials.playservices.HiddenActivity"
263-->[androidx.credentials:credentials-play-services-auth:1.2.0-rc01] AndroidManifest.xml:35:13-76
264            android:configChanges="orientation|screenSize|screenLayout|keyboardHidden"
264-->[androidx.credentials:credentials-play-services-auth:1.2.0-rc01] AndroidManifest.xml:36:13-87
265            android:enabled="true"
265-->[androidx.credentials:credentials-play-services-auth:1.2.0-rc01] AndroidManifest.xml:37:13-35
266            android:exported="false"
266-->[androidx.credentials:credentials-play-services-auth:1.2.0-rc01] AndroidManifest.xml:38:13-37
267            android:fitsSystemWindows="true"
267-->[androidx.credentials:credentials-play-services-auth:1.2.0-rc01] AndroidManifest.xml:39:13-45
268            android:theme="@style/Theme.Hidden" >
268-->[androidx.credentials:credentials-play-services-auth:1.2.0-rc01] AndroidManifest.xml:40:13-48
269        </activity>
270        <activity
270-->[com.google.android.gms:play-services-auth:20.7.0] AndroidManifest.xml:23:9-27:75
271            android:name="com.google.android.gms.auth.api.signin.internal.SignInHubActivity"
271-->[com.google.android.gms:play-services-auth:20.7.0] AndroidManifest.xml:24:13-93
272            android:excludeFromRecents="true"
272-->[com.google.android.gms:play-services-auth:20.7.0] AndroidManifest.xml:25:13-46
273            android:exported="false"
273-->[com.google.android.gms:play-services-auth:20.7.0] AndroidManifest.xml:26:13-37
274            android:theme="@android:style/Theme.Translucent.NoTitleBar" />
274-->[com.google.android.gms:play-services-auth:20.7.0] AndroidManifest.xml:27:13-72
275        <!--
276            Service handling Google Sign-In user revocation. For apps that do not integrate with
277            Google Sign-In, this service will never be started.
278        -->
279        <service
279-->[com.google.android.gms:play-services-auth:20.7.0] AndroidManifest.xml:33:9-37:51
280            android:name="com.google.android.gms.auth.api.signin.RevocationBoundService"
280-->[com.google.android.gms:play-services-auth:20.7.0] AndroidManifest.xml:34:13-89
281            android:exported="true"
281-->[com.google.android.gms:play-services-auth:20.7.0] AndroidManifest.xml:35:13-36
282            android:permission="com.google.android.gms.auth.api.signin.permission.REVOCATION_NOTIFICATION"
282-->[com.google.android.gms:play-services-auth:20.7.0] AndroidManifest.xml:36:13-107
283            android:visibleToInstantApps="true" />
283-->[com.google.android.gms:play-services-auth:20.7.0] AndroidManifest.xml:37:13-48
284
285        <activity
285-->[com.google.android.gms:play-services-base:18.3.0] AndroidManifest.xml:20:9-22:45